2024-01-11 21:21:43,421 [Worker-6: Loading available Gradle versions] INFO  o.e.b.c.i.u.g.PublishedGradleVersions - Gradle version information cache is up-to-date. Trying to read.
2024-01-11 21:23:07,419 [Worker-6: Importing Maven projects] INFO  o.e.m.c.i.l.LifecycleMappingFactory - Using org.eclipse.m2e.jdt.JarLifecycleMapping lifecycle mapping for MavenProject: it.hair.flow:HairFlow-auth:0.0.1 @ C:\Users\marco\Documents\HairFlow\HairFlow-auth\pom.xml.
2024-01-11 21:23:08,485 [Worker-6: Importing Maven projects] INFO  o.e.m.c.i.l.LifecycleMappingFactory - Using org.eclipse.m2e.jdt.JarLifecycleMapping lifecycle mapping for MavenProject: it.hair.flow:HairFlow-client:0.0.1 @ C:\Users\marco\Documents\HairFlow\HairFlow-client\pom.xml.
2024-01-11 21:23:08,745 [Worker-6: Importing Maven projects] INFO  o.e.m.c.i.l.LifecycleMappingFactory - Using org.eclipse.m2e.jdt.JarLifecycleMapping lifecycle mapping for MavenProject: it.hair.flow:HairFlow:0.0.1 @ C:\Users\marco\Documents\HairFlow\HairFlow-gateway\pom.xml.
2024-01-11 21:23:09,153 [Worker-6: Importing Maven projects] INFO  o.e.m.c.i.l.LifecycleMappingFactory - Using org.eclipse.m2e.jdt.JarLifecycleMapping lifecycle mapping for MavenProject: it.hair.flow:HairFlow-healt-check:0.0.1 @ C:\Users\marco\Documents\HairFlow\HairFlow-healt-check\pom.xml.
2024-01-11 21:23:12,631 [Worker-6: Importing Maven projects] INFO  o.e.m.j.i.AbstractJavaProjectConfigurator - Adding source folder /HairFlow-gateway/src/main/java
2024-01-11 21:23:12,632 [Worker-6: Importing Maven projects] INFO  o.e.m.j.i.AbstractJavaProjectConfigurator - Adding resource folder /HairFlow-gateway/src/main/resources
2024-01-11 21:23:12,633 [Worker-6: Importing Maven projects] INFO  o.e.m.j.i.AbstractJavaProjectConfigurator - Adding resource folder /HairFlow-gateway/src/main/resources
2024-01-11 21:23:12,635 [Worker-6: Importing Maven projects] INFO  o.e.m.j.i.AbstractJavaProjectConfigurator - Adding source folder /HairFlow-gateway/src/test/java
2024-01-11 21:23:12,636 [Worker-6: Importing Maven projects] INFO  o.e.m.j.i.AbstractJavaProjectConfigurator - Adding resource folder /HairFlow-gateway/src/test/resources
2024-01-11 21:23:13,584 [Worker-6: Importing Maven projects] INFO  o.e.m.j.i.AbstractJavaProjectConfigurator - Adding source folder /HairFlow-auth/src/main/java
2024-01-11 21:23:13,584 [Worker-6: Importing Maven projects] INFO  o.e.m.j.i.AbstractJavaProjectConfigurator - Adding resource folder /HairFlow-auth/src/main/resources
2024-01-11 21:23:13,584 [Worker-6: Importing Maven projects] INFO  o.e.m.j.i.AbstractJavaProjectConfigurator - Adding resource folder /HairFlow-auth/src/main/resources
2024-01-11 21:23:13,585 [Worker-6: Importing Maven projects] INFO  o.e.m.j.i.AbstractJavaProjectConfigurator - Adding source folder /HairFlow-auth/src/test/java
2024-01-11 21:23:13,585 [Worker-6: Importing Maven projects] INFO  o.e.m.j.i.AbstractJavaProjectConfigurator - Adding resource folder /HairFlow-auth/src/test/resources
2024-01-11 21:23:14,447 [Worker-6: Importing Maven projects] INFO  o.e.m.j.i.AbstractJavaProjectConfigurator - Adding source folder /HairFlow-client/src/main/java
2024-01-11 21:23:14,448 [Worker-6: Importing Maven projects] INFO  o.e.m.j.i.AbstractJavaProjectConfigurator - Adding resource folder /HairFlow-client/src/main/resources
2024-01-11 21:23:14,448 [Worker-6: Importing Maven projects] INFO  o.e.m.j.i.AbstractJavaProjectConfigurator - Adding resource folder /HairFlow-client/src/main/resources
2024-01-11 21:23:14,449 [Worker-6: Importing Maven projects] INFO  o.e.m.j.i.AbstractJavaProjectConfigurator - Adding source folder /HairFlow-client/src/test/java
2024-01-11 21:23:14,449 [Worker-6: Importing Maven projects] INFO  o.e.m.j.i.AbstractJavaProjectConfigurator - Adding resource folder /HairFlow-client/src/test/resources
2024-01-11 21:23:15,189 [Worker-6: Importing Maven projects] INFO  o.e.m.j.i.AbstractJavaProjectConfigurator - Adding source folder /HairFlow-healt-check/src/main/java
2024-01-11 21:23:15,190 [Worker-6: Importing Maven projects] INFO  o.e.m.j.i.AbstractJavaProjectConfigurator - Adding resource folder /HairFlow-healt-check/src/main/resources
2024-01-11 21:23:15,190 [Worker-6: Importing Maven projects] INFO  o.e.m.j.i.AbstractJavaProjectConfigurator - Adding resource folder /HairFlow-healt-check/src/main/resources
2024-01-11 21:23:15,191 [Worker-6: Importing Maven projects] INFO  o.e.m.j.i.AbstractJavaProjectConfigurator - Adding source folder /HairFlow-healt-check/src/test/java
2024-01-11 21:23:15,191 [Worker-6: Importing Maven projects] INFO  o.e.m.j.i.AbstractJavaProjectConfigurator - Adding resource folder /HairFlow-healt-check/src/test/resources
2024-01-11 21:23:15,980 [Worker-6: Importing Maven projects] INFO  o.e.m.c.i.p.ProjectConfigurationManager - Imported and configured 4 project(s) in 11 sec
2024-01-11 21:23:16,466 [Worker-24: Updating Maven Project] INFO  o.e.m.c.i.p.ProjectConfigurationManager - Update started
2024-01-11 21:23:18,849 [Worker-24: Updating Maven Project] INFO  o.e.m.c.i.l.LifecycleMappingFactory - Using org.eclipse.m2e.jdt.JarLifecycleMapping lifecycle mapping for MavenProject: it.hair.flow:HairFlow-auth:0.0.1 @ C:\Users\marco\Documents\HairFlow\HairFlow-auth\pom.xml.
2024-01-11 21:23:20,014 [Worker-24: Updating Maven Project] INFO  o.e.m.c.i.l.LifecycleMappingFactory - Using org.eclipse.m2e.jdt.JarLifecycleMapping lifecycle mapping for MavenProject: it.hair.flow:HairFlow-client:0.0.1 @ C:\Users\marco\Documents\HairFlow\HairFlow-client\pom.xml.
2024-01-11 21:23:20,328 [Worker-24: Updating Maven Project] INFO  o.e.m.c.i.l.LifecycleMappingFactory - Using org.eclipse.m2e.jdt.JarLifecycleMapping lifecycle mapping for MavenProject: it.hair.flow:HairFlow:0.0.1 @ C:\Users\marco\Documents\HairFlow\HairFlow-gateway\pom.xml.
2024-01-11 21:23:20,883 [Worker-24: Updating Maven Project] INFO  o.e.m.c.i.l.LifecycleMappingFactory - Using org.eclipse.m2e.jdt.JarLifecycleMapping lifecycle mapping for MavenProject: it.hair.flow:HairFlow-healt-check:0.0.1 @ C:\Users\marco\Documents\HairFlow\HairFlow-healt-check\pom.xml.
2024-01-11 21:23:23,175 [Worker-24: Updating Maven Project] INFO  o.e.m.j.i.AbstractJavaProjectConfigurator - Adding source folder /HairFlow-auth/src/main/java
2024-01-11 21:23:23,176 [Worker-24: Updating Maven Project] INFO  o.e.m.j.i.AbstractJavaProjectConfigurator - Adding resource folder /HairFlow-auth/src/main/resources
2024-01-11 21:23:23,176 [Worker-24: Updating Maven Project] INFO  o.e.m.j.i.AbstractJavaProjectConfigurator - Adding resource folder /HairFlow-auth/src/main/resources
2024-01-11 21:23:23,176 [Worker-24: Updating Maven Project] INFO  o.e.m.j.i.AbstractJavaProjectConfigurator - Adding source folder /HairFlow-auth/src/test/java
2024-01-11 21:23:23,176 [Worker-24: Updating Maven Project] INFO  o.e.m.j.i.AbstractJavaProjectConfigurator - Adding resource folder /HairFlow-auth/src/test/resources
2024-01-11 21:23:23,994 [Worker-24: Updating Maven Project] INFO  o.e.m.j.i.AbstractJavaProjectConfigurator - Adding source folder /HairFlow-client/src/main/java
2024-01-11 21:23:23,994 [Worker-24: Updating Maven Project] INFO  o.e.m.j.i.AbstractJavaProjectConfigurator - Adding resource folder /HairFlow-client/src/main/resources
2024-01-11 21:23:23,994 [Worker-24: Updating Maven Project] INFO  o.e.m.j.i.AbstractJavaProjectConfigurator - Adding resource folder /HairFlow-client/src/main/resources
2024-01-11 21:23:23,995 [Worker-24: Updating Maven Project] INFO  o.e.m.j.i.AbstractJavaProjectConfigurator - Adding source folder /HairFlow-client/src/test/java
2024-01-11 21:23:23,996 [Worker-24: Updating Maven Project] INFO  o.e.m.j.i.AbstractJavaProjectConfigurator - Adding resource folder /HairFlow-client/src/test/resources
2024-01-11 21:23:24,712 [Worker-24: Updating Maven Project] INFO  o.e.m.j.i.AbstractJavaProjectConfigurator - Adding source folder /HairFlow-gateway/src/main/java
2024-01-11 21:23:24,713 [Worker-24: Updating Maven Project] INFO  o.e.m.j.i.AbstractJavaProjectConfigurator - Adding resource folder /HairFlow-gateway/src/main/resources
2024-01-11 21:23:24,713 [Worker-24: Updating Maven Project] INFO  o.e.m.j.i.AbstractJavaProjectConfigurator - Adding resource folder /HairFlow-gateway/src/main/resources
2024-01-11 21:23:24,713 [Worker-24: Updating Maven Project] INFO  o.e.m.j.i.AbstractJavaProjectConfigurator - Adding source folder /HairFlow-gateway/src/test/java
2024-01-11 21:23:24,714 [Worker-24: Updating Maven Project] INFO  o.e.m.j.i.AbstractJavaProjectConfigurator - Adding resource folder /HairFlow-gateway/src/test/resources
2024-01-11 21:23:25,362 [Worker-24: Updating Maven Project] INFO  o.e.m.j.i.AbstractJavaProjectConfigurator - Adding source folder /HairFlow-healt-check/src/main/java
2024-01-11 21:23:25,362 [Worker-24: Updating Maven Project] INFO  o.e.m.j.i.AbstractJavaProjectConfigurator - Adding resource folder /HairFlow-healt-check/src/main/resources
2024-01-11 21:23:25,362 [Worker-24: Updating Maven Project] INFO  o.e.m.j.i.AbstractJavaProjectConfigurator - Adding resource folder /HairFlow-healt-check/src/main/resources
2024-01-11 21:23:25,363 [Worker-24: Updating Maven Project] INFO  o.e.m.j.i.AbstractJavaProjectConfigurator - Adding source folder /HairFlow-healt-check/src/test/java
2024-01-11 21:23:25,363 [Worker-24: Updating Maven Project] INFO  o.e.m.j.i.AbstractJavaProjectConfigurator - Adding resource folder /HairFlow-healt-check/src/test/resources
2024-01-11 21:23:26,663 [Worker-24: Updating Maven Project] INFO  o.e.m.c.i.p.ProjectConfigurationManager - Update completed for 4 poms: local refresh takes 0,00 sec, refresh facades takes 6,00 sec, update config takes 2,00 sec 
2024-01-11 21:23:27,839 [Worker-13: Building] INFO  o.a.m.s.f.DefaultMavenResourcesFiltering - Copying 1 resource from src\main\resources to target\classes
2024-01-11 21:23:27,859 [Worker-13: Building] INFO  o.a.m.s.f.DefaultMavenResourcesFiltering - Copying 0 resource from src\main\resources to target\classes
2024-01-11 21:23:27,865 [Worker-13: Building] INFO  o.a.m.s.f.DefaultMavenResourcesFiltering - skip non existing resourceDirectory C:\Users\marco\Documents\HairFlow\HairFlow-auth\src\test\resources
2024-01-11 21:23:28,683 [Worker-13: Building] INFO  o.a.m.s.f.DefaultMavenResourcesFiltering - Copying 1 resource from src\main\resources to target\classes
2024-01-11 21:23:28,705 [Worker-13: Building] INFO  o.a.m.s.f.DefaultMavenResourcesFiltering - Copying 0 resource from src\main\resources to target\classes
2024-01-11 21:23:28,711 [Worker-13: Building] INFO  o.a.m.s.f.DefaultMavenResourcesFiltering - skip non existing resourceDirectory C:\Users\marco\Documents\HairFlow\HairFlow-client\src\test\resources
2024-01-11 21:23:28,980 [Worker-13: Building] INFO  o.a.m.s.f.DefaultMavenResourcesFiltering - Copying 1 resource from src\main\resources to target\classes
2024-01-11 21:23:28,984 [Worker-13: Building] INFO  o.a.m.s.f.DefaultMavenResourcesFiltering - Copying 0 resource from src\main\resources to target\classes
2024-01-11 21:23:28,987 [Worker-13: Building] INFO  o.a.m.s.f.DefaultMavenResourcesFiltering - skip non existing resourceDirectory C:\Users\marco\Documents\HairFlow\HairFlow-gateway\src\test\resources
2024-01-11 21:23:29,197 [Worker-13: Building] INFO  o.a.m.s.f.DefaultMavenResourcesFiltering - Copying 1 resource from src\main\resources to target\classes
2024-01-11 21:23:29,201 [Worker-13: Building] INFO  o.a.m.s.f.DefaultMavenResourcesFiltering - Copying 0 resource from src\main\resources to target\classes
2024-01-11 21:23:29,205 [Worker-13: Building] INFO  o.a.m.s.f.DefaultMavenResourcesFiltering - skip non existing resourceDirectory C:\Users\marco\Documents\HairFlow\HairFlow-healt-check\src\test\resources
